[debug] [2021-10-28T02:07:26.718Z] ----------------------------------------------------------------------
[debug] [2021-10-28T02:07:26.722Z] Command:       C:\Program Files\nodejs\node.exe C:\Users\Lucas\AppData\Roaming\npm\node_modules\firebase-tools\lib\bin\firebase.js emulators:start --only functions
[debug] [2021-10-28T02:07:26.723Z] CLI Version:   9.20.0
[debug] [2021-10-28T02:07:26.723Z] Platform:      win32
[debug] [2021-10-28T02:07:26.724Z] Node Version:  v16.6.2
[debug] [2021-10-28T02:07:26.732Z] Time:          Wed Oct 27 2021 23:07:26 GMT-0300 (hora estándar de Argentina)
[debug] [2021-10-28T02:07:26.732Z] ----------------------------------------------------------------------
[debug] 
[debug] [2021-10-28T02:07:26.862Z] > command requires scopes: ["email","openid","https://www.googleapis.com/auth/cloudplatformprojects.readonly","https://www.googleapis.com/auth/firebase","https://www.googleapis.com/auth/cloud-platform"]
[debug] [2021-10-28T02:07:26.862Z] > authorizing via signed-in user (gikzen@gmail.com)
[info] i  emulators: Starting emulators: functions {"metadata":{"emulator":{"name":"hub"},"message":"Starting emulators: functions"}}
[debug] [2021-10-28T02:07:26.921Z] [hub] writing locator at C:\Users\Lucas\AppData\Local\Temp\hub-sneakers-commerce.json
[warn] !  functions: The following emulators are not running, calls to these services from the Functions emulator will affect production: auth, firestore, database, hosting, pubsub, storage {"metadata":{"emulator":{"name":"functions"},"message":"The following emulators are not running, calls to these services from the Functions emulator will affect production: \u001b[1mauth, firestore, database, hosting, pubsub, storage\u001b[22m"}}
[warn] !  Your requested "node" version "14" doesn't match your global version "16" {"metadata":{"emulator":{"name":"functions"},"message":"Your requested \"node\" version \"14\" doesn't match your global version \"16\""}}
[debug] [2021-10-28T02:07:26.988Z] defaultcredentials: writing to file C:\Users\Lucas\AppData\Roaming\firebase\gikzen_gmail_com_application_default_credentials.json
[debug] [2021-10-28T02:07:26.994Z] Setting GAC to C:\Users\Lucas\AppData\Roaming\firebase\gikzen_gmail_com_application_default_credentials.json {"metadata":{"emulator":{"name":"functions"},"message":"Setting GAC to C:\\Users\\Lucas\\AppData\\Roaming\\firebase\\gikzen_gmail_com_application_default_credentials.json"}}
[debug] [2021-10-28T02:07:27.000Z] > refreshing access token with scopes: []
[debug] [2021-10-28T02:07:27.002Z] >>> HTTP REQUEST POST https://www.googleapis.com/oauth2/v3/token  
 <request body omitted>
[debug] [2021-10-28T02:07:27.163Z] <<< HTTP RESPONSE 200 {"expires":"Mon, 01 Jan 1990 00:00:00 GMT","pragma":"no-cache","date":"Thu, 28 Oct 2021 02:07:28 GMT","cache-control":"no-cache, no-store, max-age=0, must-revalidate","content-type":"application/json; charset=utf-8","vary":"X-Origin, Referer, Origin,Accept-Encoding","server":"scaffolding on HTTPServer2","x-xss-protection":"0","x-frame-options":"SAMEORIGIN","x-content-type-options":"nosniff","alt-svc":"h3=\":443\"; ma=2592000,h3-29=\":443\"; ma=2592000,h3-Q050=\":443\"; ma=2592000,h3-Q046=\":443\"; ma=2592000,h3-Q043=\":443\"; ma=2592000","accept-ranges":"none","transfer-encoding":"chunked"}
[debug] [2021-10-28T02:07:27.187Z] >>> [apiv2][query] GET https://firebase.googleapis.com/v1beta1/projects/sneakers-commerce/adminSdkConfig [none]
[debug] [2021-10-28T02:07:27.604Z] <<< [apiv2][status] GET https://firebase.googleapis.com/v1beta1/projects/sneakers-commerce/adminSdkConfig 200
[debug] [2021-10-28T02:07:27.605Z] <<< [apiv2][body] GET https://firebase.googleapis.com/v1beta1/projects/sneakers-commerce/adminSdkConfig {"projectId":"sneakers-commerce","storageBucket":"sneakers-commerce.appspot.com","locationId":"us-central"}
[info] i  ui: downloading ui-v1.6.3.zip... {"metadata":{"emulator":{"name":"ui"},"message":"downloading ui-v1.6.3.zip..."}}
[debug] [2021-10-28T02:07:27.661Z] >>> [apiv2][query] GET https://storage.googleapis.com/firebase-preview-drop/emulator/ui-v1.6.3.zip 
[debug] [2021-10-28T02:07:27.997Z] <<< [apiv2][status] GET https://storage.googleapis.com/firebase-preview-drop/emulator/ui-v1.6.3.zip 200
[debug] [2021-10-28T02:07:27.998Z] <<< [apiv2][body] GET https://storage.googleapis.com/firebase-preview-drop/emulator/ui-v1.6.3.zip [stream]
[debug] [2021-10-28T02:07:28.817Z] Ignoring unsupported arg: auto_download {"metadata":{"emulator":{"name":"ui"},"message":"Ignoring unsupported arg: auto_download"}}
[debug] [2021-10-28T02:07:28.817Z] Ignoring unsupported arg: port {"metadata":{"emulator":{"name":"ui"},"message":"Ignoring unsupported arg: port"}}
[debug] [2021-10-28T02:07:28.817Z] Starting Emulator UI with command {"binary":"node","args":["C:\\Users\\Lucas\\.cache\\firebase\\emulators\\ui-v1.6.3\\server.bundle.js"],"optionalArgs":[],"joinArgs":false} {"metadata":{"emulator":{"name":"ui"},"message":"Starting Emulator UI with command {\"binary\":\"node\",\"args\":[\"C:\\\\Users\\\\Lucas\\\\.cache\\\\firebase\\\\emulators\\\\ui-v1.6.3\\\\server.bundle.js\"],\"optionalArgs\":[],\"joinArgs\":false}"}}
[info] i  ui: Emulator UI logging to ui-debug.log {"metadata":{"emulator":{"name":"ui"},"message":"Emulator UI logging to \u001b[1mui-debug.log\u001b[22m"}}
[debug] [2021-10-28T02:07:29.079Z] Web / API server started at localhost:4000
 {"metadata":{"emulator":{"name":"ui"},"message":"Web / API server started at localhost:4000\n"}}
[info] i  functions: Watching "C:\Users\Lucas\Desktop\proyects\Sneakeers-Commerce\functions" for Cloud Functions... {"metadata":{"emulator":{"name":"functions"},"message":"Watching \"C:\\Users\\Lucas\\Desktop\\proyects\\Sneakeers-Commerce\\functions\" for Cloud Functions..."}}
[debug] [2021-10-28T02:07:29.132Z] [worker-pool] addWorker(~diagnostic~) {"metadata":{"emulator":{"name":"functions"},"message":"[worker-pool] addWorker(~diagnostic~)"}}
[debug] [2021-10-28T02:07:29.133Z] [worker-pool] Adding worker with key ~diagnostic~, total=1 {"metadata":{"emulator":{"name":"functions"},"message":"[worker-pool] Adding worker with key ~diagnostic~, total=1"}}
[debug] [2021-10-28T02:07:29.133Z] [worker-pool] submitWork(triggerId=) {"metadata":{"emulator":{"name":"functions"},"message":"[worker-pool] submitWork(triggerId=)"}}
[debug] [2021-10-28T02:07:29.134Z] [worker-~diagnostic~-fab95faf-696c-4298-8050-6bff40baf8ec]: Assigning socketPath: \\?\pipe\C:\Users\Lucas\Desktop\proyects\Sneakeers-Commerce\functions\2328 {"metadata":{"emulator":{"name":"functions"},"message":"[worker-~diagnostic~-fab95faf-696c-4298-8050-6bff40baf8ec]: Assigning socketPath: \\\\?\\pipe\\C:\\Users\\Lucas\\Desktop\\proyects\\Sneakeers-Commerce\\functions\\2328"}}
[debug] [2021-10-28T02:07:29.135Z] [worker-~diagnostic~-fab95faf-696c-4298-8050-6bff40baf8ec]: BUSY {"metadata":{"emulator":{"name":"functions"},"message":"[worker-~diagnostic~-fab95faf-696c-4298-8050-6bff40baf8ec]: BUSY"}}
[debug] [2021-10-28T02:07:29.656Z] [runtime-status] [2328] Functions runtime initialized. {"cwd":"C:\\Users\\Lucas\\Desktop\\proyects\\Sneakeers-Commerce\\functions","node_version":"16.6.2"} {"metadata":{"emulator":{"name":"functions"},"message":"[runtime-status] [2328] Functions runtime initialized. {\"cwd\":\"C:\\\\Users\\\\Lucas\\\\Desktop\\\\proyects\\\\Sneakeers-Commerce\\\\functions\",\"node_version\":\"16.6.2\"}"}}
[debug] [2021-10-28T02:07:29.657Z] [runtime-status] [2328] Disabled runtime features: undefined {"metadata":{"emulator":{"name":"functions"},"message":"[runtime-status] [2328] Disabled runtime features: undefined"}}
[debug] [2021-10-28T02:07:29.665Z] [runtime-status] [2328] Resolved module firebase-admin {"declared":true,"installed":true,"version":"9.12.0","resolution":"C:\\Users\\Lucas\\Desktop\\proyects\\Sneakeers-Commerce\\functions\\node_modules\\firebase-admin\\lib\\index.js"} {"metadata":{"emulator":{"name":"functions"},"message":"[runtime-status] [2328] Resolved module firebase-admin {\"declared\":true,\"installed\":true,\"version\":\"9.12.0\",\"resolution\":\"C:\\\\Users\\\\Lucas\\\\Desktop\\\\proyects\\\\Sneakeers-Commerce\\\\functions\\\\node_modules\\\\firebase-admin\\\\lib\\\\index.js\"}"}}
[debug] [2021-10-28T02:07:29.673Z] [runtime-status] [2328] Resolved module firebase-functions {"declared":true,"installed":true,"version":"3.15.7","resolution":"C:\\Users\\Lucas\\Desktop\\proyects\\Sneakeers-Commerce\\functions\\node_modules\\firebase-functions\\lib\\index.js"} {"metadata":{"emulator":{"name":"functions"},"message":"[runtime-status] [2328] Resolved module firebase-functions {\"declared\":true,\"installed\":true,\"version\":\"3.15.7\",\"resolution\":\"C:\\\\Users\\\\Lucas\\\\Desktop\\\\proyects\\\\Sneakeers-Commerce\\\\functions\\\\node_modules\\\\firebase-functions\\\\lib\\\\index.js\"}"}}
[debug] [2021-10-28T02:07:29.676Z] [runtime-status] [2328] Outgoing network have been stubbed. [{"name":"http","status":"mocked"},{"name":"http","status":"mocked"},{"name":"https","status":"mocked"},{"name":"https","status":"mocked"},{"name":"net","status":"mocked"}] {"metadata":{"emulator":{"name":"functions"},"message":"[runtime-status] [2328] Outgoing network have been stubbed. [{\"name\":\"http\",\"status\":\"mocked\"},{\"name\":\"http\",\"status\":\"mocked\"},{\"name\":\"https\",\"status\":\"mocked\"},{\"name\":\"https\",\"status\":\"mocked\"},{\"name\":\"net\",\"status\":\"mocked\"}]"}}
[debug] [2021-10-28T02:07:29.679Z] [runtime-status] [2328] Resolved module firebase-functions {"declared":true,"installed":true,"version":"3.15.7","resolution":"C:\\Users\\Lucas\\Desktop\\proyects\\Sneakeers-Commerce\\functions\\node_modules\\firebase-functions\\lib\\index.js"} {"metadata":{"emulator":{"name":"functions"},"message":"[runtime-status] [2328] Resolved module firebase-functions {\"declared\":true,\"installed\":true,\"version\":\"3.15.7\",\"resolution\":\"C:\\\\Users\\\\Lucas\\\\Desktop\\\\proyects\\\\Sneakeers-Commerce\\\\functions\\\\node_modules\\\\firebase-functions\\\\lib\\\\index.js\"}"}}
[debug] [2021-10-28T02:07:29.899Z] [runtime-status] [2328] Checked functions.config() {"config":{}} {"metadata":{"emulator":{"name":"functions"},"message":"[runtime-status] [2328] Checked functions.config() {\"config\":{}}"}}
[debug] [2021-10-28T02:07:29.899Z] [runtime-status] [2328] firebase-functions has been stubbed. {"functionsResolution":{"declared":true,"installed":true,"version":"3.15.7","resolution":"C:\\Users\\Lucas\\Desktop\\proyects\\Sneakeers-Commerce\\functions\\node_modules\\firebase-functions\\lib\\index.js"}} {"metadata":{"emulator":{"name":"functions"},"message":"[runtime-status] [2328] firebase-functions has been stubbed. {\"functionsResolution\":{\"declared\":true,\"installed\":true,\"version\":\"3.15.7\",\"resolution\":\"C:\\\\Users\\\\Lucas\\\\Desktop\\\\proyects\\\\Sneakeers-Commerce\\\\functions\\\\node_modules\\\\firebase-functions\\\\lib\\\\index.js\"}}"}}
[debug] [2021-10-28T02:07:29.902Z] [runtime-status] [2328] Resolved module firebase-functions {"declared":true,"installed":true,"version":"3.15.7","resolution":"C:\\Users\\Lucas\\Desktop\\proyects\\Sneakeers-Commerce\\functions\\node_modules\\firebase-functions\\lib\\index.js"} {"metadata":{"emulator":{"name":"functions"},"message":"[runtime-status] [2328] Resolved module firebase-functions {\"declared\":true,\"installed\":true,\"version\":\"3.15.7\",\"resolution\":\"C:\\\\Users\\\\Lucas\\\\Desktop\\\\proyects\\\\Sneakeers-Commerce\\\\functions\\\\node_modules\\\\firebase-functions\\\\lib\\\\index.js\"}"}}
[debug] [2021-10-28T02:07:29.907Z] [runtime-status] [2328] Resolved module firebase-admin {"declared":true,"installed":true,"version":"9.12.0","resolution":"C:\\Users\\Lucas\\Desktop\\proyects\\Sneakeers-Commerce\\functions\\node_modules\\firebase-admin\\lib\\index.js"} {"metadata":{"emulator":{"name":"functions"},"message":"[runtime-status] [2328] Resolved module firebase-admin {\"declared\":true,\"installed\":true,\"version\":\"9.12.0\",\"resolution\":\"C:\\\\Users\\\\Lucas\\\\Desktop\\\\proyects\\\\Sneakeers-Commerce\\\\functions\\\\node_modules\\\\firebase-admin\\\\lib\\\\index.js\"}"}}
[debug] [2021-10-28T02:07:29.911Z] [runtime-status] [2328] Resolved module firebase-functions {"declared":true,"installed":true,"version":"3.15.7","resolution":"C:\\Users\\Lucas\\Desktop\\proyects\\Sneakeers-Commerce\\functions\\node_modules\\firebase-functions\\lib\\index.js"} {"metadata":{"emulator":{"name":"functions"},"message":"[runtime-status] [2328] Resolved module firebase-functions {\"declared\":true,\"installed\":true,\"version\":\"3.15.7\",\"resolution\":\"C:\\\\Users\\\\Lucas\\\\Desktop\\\\proyects\\\\Sneakeers-Commerce\\\\functions\\\\node_modules\\\\firebase-functions\\\\lib\\\\index.js\"}"}}
[debug] [2021-10-28T02:07:29.912Z] [runtime-status] [2328] firebase-admin has been stubbed. {"adminResolution":{"declared":true,"installed":true,"version":"9.12.0","resolution":"C:\\Users\\Lucas\\Desktop\\proyects\\Sneakeers-Commerce\\functions\\node_modules\\firebase-admin\\lib\\index.js"}} {"metadata":{"emulator":{"name":"functions"},"message":"[runtime-status] [2328] firebase-admin has been stubbed. {\"adminResolution\":{\"declared\":true,\"installed\":true,\"version\":\"9.12.0\",\"resolution\":\"C:\\\\Users\\\\Lucas\\\\Desktop\\\\proyects\\\\Sneakeers-Commerce\\\\functions\\\\node_modules\\\\firebase-admin\\\\lib\\\\index.js\"}}"}}
[info] +  functions[us-central1-api]: http function initialized (http://localhost:5001/sneakers-commerce/us-central1/api). {"metadata":{"emulator":{"name":"functions"},"message":"\u001b[1mhttp\u001b[22m function initialized (http://localhost:5001/sneakers-commerce/us-central1/api)."}}
[info] 
┌─────────────────────────────────────────────────────────────┐
│ ✔  All emulators ready! It is now safe to connect your app. │
│ i  View Emulator UI at http://localhost:4000                │
└─────────────────────────────────────────────────────────────┘

┌───────────┬────────────────┬─────────────────────────────────┐
│ Emulator  │ Host:Port      │ View in Emulator UI             │
├───────────┼────────────────┼─────────────────────────────────┤
│ Functions │ localhost:5001 │ http://localhost:4000/functions │
└───────────┴────────────────┴─────────────────────────────────┘
  Emulator Hub running at localhost:4400
  Other reserved ports: 4500

Issues? Report them at https://github.com/firebase/firebase-tools/issues and attach the *-debug.log files.
 
[debug] [2021-10-28T02:07:30.709Z] [worker-~diagnostic~-fab95faf-696c-4298-8050-6bff40baf8ec]: IDLE {"metadata":{"emulator":{"name":"functions"},"message":"[worker-~diagnostic~-fab95faf-696c-4298-8050-6bff40baf8ec]: IDLE"}}
[debug] [2021-10-28T02:09:47.224Z] [work-queue] {"queueLength":1,"workRunningCount":0}
[debug] [2021-10-28T02:09:47.226Z] [work-queue] {"queueLength":0,"workRunningCount":1}
[debug] [2021-10-28T02:09:47.228Z] Accepted request GET /sneakers-commerce/us-central1/api --> us-central1-api
[debug] [2021-10-28T02:09:47.248Z] [worker-pool] addWorker(us-central1-api) {"metadata":{"emulator":{"name":"functions"},"message":"[worker-pool] addWorker(us-central1-api)"}}
[debug] [2021-10-28T02:09:47.249Z] [worker-pool] Adding worker with key us-central1-api, total=1 {"metadata":{"emulator":{"name":"functions"},"message":"[worker-pool] Adding worker with key us-central1-api, total=1"}}
[debug] [2021-10-28T02:09:47.250Z] [worker-pool] submitWork(triggerId=us-central1-api) {"metadata":{"emulator":{"name":"functions"},"message":"[worker-pool] submitWork(triggerId=us-central1-api)"}}
[debug] [2021-10-28T02:09:47.250Z] [worker-us-central1-api-9d86a3a5-f75e-445a-9f70-3b3b16ff790b]: Assigning socketPath: \\?\pipe\C:\Users\Lucas\Desktop\proyects\Sneakeers-Commerce\functions\5772 {"metadata":{"emulator":{"name":"functions"},"message":"[worker-us-central1-api-9d86a3a5-f75e-445a-9f70-3b3b16ff790b]: Assigning socketPath: \\\\?\\pipe\\C:\\Users\\Lucas\\Desktop\\proyects\\Sneakeers-Commerce\\functions\\5772"}}
[debug] [2021-10-28T02:09:47.251Z] [worker-us-central1-api-9d86a3a5-f75e-445a-9f70-3b3b16ff790b]: BUSY {"metadata":{"emulator":{"name":"functions"},"message":"[worker-us-central1-api-9d86a3a5-f75e-445a-9f70-3b3b16ff790b]: BUSY"}}
[debug] [2021-10-28T02:09:47.715Z] [runtime-status] [5772] Functions runtime initialized. {"cwd":"C:\\Users\\Lucas\\Desktop\\proyects\\Sneakeers-Commerce\\functions","node_version":"16.6.2"} {"metadata":{"emulator":{"name":"functions"},"function":{"name":"us-central1-api"},"message":"[runtime-status] [5772] Functions runtime initialized. {\"cwd\":\"C:\\\\Users\\\\Lucas\\\\Desktop\\\\proyects\\\\Sneakeers-Commerce\\\\functions\",\"node_version\":\"16.6.2\"}"}}
[debug] [2021-10-28T02:09:47.718Z] [runtime-status] [5772] Disabled runtime features: undefined {"metadata":{"emulator":{"name":"functions"},"function":{"name":"us-central1-api"},"message":"[runtime-status] [5772] Disabled runtime features: undefined"}}
[debug] [2021-10-28T02:09:47.726Z] [runtime-status] [5772] Resolved module firebase-admin {"declared":true,"installed":true,"version":"9.12.0","resolution":"C:\\Users\\Lucas\\Desktop\\proyects\\Sneakeers-Commerce\\functions\\node_modules\\firebase-admin\\lib\\index.js"} {"metadata":{"emulator":{"name":"functions"},"function":{"name":"us-central1-api"},"message":"[runtime-status] [5772] Resolved module firebase-admin {\"declared\":true,\"installed\":true,\"version\":\"9.12.0\",\"resolution\":\"C:\\\\Users\\\\Lucas\\\\Desktop\\\\proyects\\\\Sneakeers-Commerce\\\\functions\\\\node_modules\\\\firebase-admin\\\\lib\\\\index.js\"}"}}
[debug] [2021-10-28T02:09:47.748Z] [runtime-status] [5772] Resolved module firebase-functions {"declared":true,"installed":true,"version":"3.15.7","resolution":"C:\\Users\\Lucas\\Desktop\\proyects\\Sneakeers-Commerce\\functions\\node_modules\\firebase-functions\\lib\\index.js"} {"metadata":{"emulator":{"name":"functions"},"function":{"name":"us-central1-api"},"message":"[runtime-status] [5772] Resolved module firebase-functions {\"declared\":true,\"installed\":true,\"version\":\"3.15.7\",\"resolution\":\"C:\\\\Users\\\\Lucas\\\\Desktop\\\\proyects\\\\Sneakeers-Commerce\\\\functions\\\\node_modules\\\\firebase-functions\\\\lib\\\\index.js\"}"}}
[debug] [2021-10-28T02:09:47.751Z] [runtime-status] [5772] Outgoing network have been stubbed. [{"name":"http","status":"mocked"},{"name":"http","status":"mocked"},{"name":"https","status":"mocked"},{"name":"https","status":"mocked"},{"name":"net","status":"mocked"}] {"metadata":{"emulator":{"name":"functions"},"function":{"name":"us-central1-api"},"message":"[runtime-status] [5772] Outgoing network have been stubbed. [{\"name\":\"http\",\"status\":\"mocked\"},{\"name\":\"http\",\"status\":\"mocked\"},{\"name\":\"https\",\"status\":\"mocked\"},{\"name\":\"https\",\"status\":\"mocked\"},{\"name\":\"net\",\"status\":\"mocked\"}]"}}
[debug] [2021-10-28T02:09:47.754Z] [runtime-status] [5772] Resolved module firebase-functions {"declared":true,"installed":true,"version":"3.15.7","resolution":"C:\\Users\\Lucas\\Desktop\\proyects\\Sneakeers-Commerce\\functions\\node_modules\\firebase-functions\\lib\\index.js"} {"metadata":{"emulator":{"name":"functions"},"function":{"name":"us-central1-api"},"message":"[runtime-status] [5772] Resolved module firebase-functions {\"declared\":true,\"installed\":true,\"version\":\"3.15.7\",\"resolution\":\"C:\\\\Users\\\\Lucas\\\\Desktop\\\\proyects\\\\Sneakeers-Commerce\\\\functions\\\\node_modules\\\\firebase-functions\\\\lib\\\\index.js\"}"}}
[debug] [2021-10-28T02:09:47.884Z] [runtime-status] [5772] Checked functions.config() {"config":{}} {"metadata":{"emulator":{"name":"functions"},"function":{"name":"us-central1-api"},"message":"[runtime-status] [5772] Checked functions.config() {\"config\":{}}"}}
[debug] [2021-10-28T02:09:47.884Z] [runtime-status] [5772] firebase-functions has been stubbed. {"functionsResolution":{"declared":true,"installed":true,"version":"3.15.7","resolution":"C:\\Users\\Lucas\\Desktop\\proyects\\Sneakeers-Commerce\\functions\\node_modules\\firebase-functions\\lib\\index.js"}} {"metadata":{"emulator":{"name":"functions"},"function":{"name":"us-central1-api"},"message":"[runtime-status] [5772] firebase-functions has been stubbed. {\"functionsResolution\":{\"declared\":true,\"installed\":true,\"version\":\"3.15.7\",\"resolution\":\"C:\\\\Users\\\\Lucas\\\\Desktop\\\\proyects\\\\Sneakeers-Commerce\\\\functions\\\\node_modules\\\\firebase-functions\\\\lib\\\\index.js\"}}"}}
[debug] [2021-10-28T02:09:47.886Z] [runtime-status] [5772] Resolved module firebase-functions {"declared":true,"installed":true,"version":"3.15.7","resolution":"C:\\Users\\Lucas\\Desktop\\proyects\\Sneakeers-Commerce\\functions\\node_modules\\firebase-functions\\lib\\index.js"} {"metadata":{"emulator":{"name":"functions"},"function":{"name":"us-central1-api"},"message":"[runtime-status] [5772] Resolved module firebase-functions {\"declared\":true,\"installed\":true,\"version\":\"3.15.7\",\"resolution\":\"C:\\\\Users\\\\Lucas\\\\Desktop\\\\proyects\\\\Sneakeers-Commerce\\\\functions\\\\node_modules\\\\firebase-functions\\\\lib\\\\index.js\"}"}}
[debug] [2021-10-28T02:09:47.892Z] [runtime-status] [5772] Resolved module firebase-admin {"declared":true,"installed":true,"version":"9.12.0","resolution":"C:\\Users\\Lucas\\Desktop\\proyects\\Sneakeers-Commerce\\functions\\node_modules\\firebase-admin\\lib\\index.js"} {"metadata":{"emulator":{"name":"functions"},"function":{"name":"us-central1-api"},"message":"[runtime-status] [5772] Resolved module firebase-admin {\"declared\":true,\"installed\":true,\"version\":\"9.12.0\",\"resolution\":\"C:\\\\Users\\\\Lucas\\\\Desktop\\\\proyects\\\\Sneakeers-Commerce\\\\functions\\\\node_modules\\\\firebase-admin\\\\lib\\\\index.js\"}"}}
[debug] [2021-10-28T02:09:47.895Z] [runtime-status] [5772] Resolved module firebase-functions {"declared":true,"installed":true,"version":"3.15.7","resolution":"C:\\Users\\Lucas\\Desktop\\proyects\\Sneakeers-Commerce\\functions\\node_modules\\firebase-functions\\lib\\index.js"} {"metadata":{"emulator":{"name":"functions"},"function":{"name":"us-central1-api"},"message":"[runtime-status] [5772] Resolved module firebase-functions {\"declared\":true,\"installed\":true,\"version\":\"3.15.7\",\"resolution\":\"C:\\\\Users\\\\Lucas\\\\Desktop\\\\proyects\\\\Sneakeers-Commerce\\\\functions\\\\node_modules\\\\firebase-functions\\\\lib\\\\index.js\"}"}}
[debug] [2021-10-28T02:09:47.896Z] [runtime-status] [5772] firebase-admin has been stubbed. {"adminResolution":{"declared":true,"installed":true,"version":"9.12.0","resolution":"C:\\Users\\Lucas\\Desktop\\proyects\\Sneakeers-Commerce\\functions\\node_modules\\firebase-admin\\lib\\index.js"}} {"metadata":{"emulator":{"name":"functions"},"function":{"name":"us-central1-api"},"message":"[runtime-status] [5772] firebase-admin has been stubbed. {\"adminResolution\":{\"declared\":true,\"installed\":true,\"version\":\"9.12.0\",\"resolution\":\"C:\\\\Users\\\\Lucas\\\\Desktop\\\\proyects\\\\Sneakeers-Commerce\\\\functions\\\\node_modules\\\\firebase-admin\\\\lib\\\\index.js\"}}"}}
[debug] [2021-10-28T02:09:48.451Z] [runtime-status] [5772] Trigger "us-central1-api" has been found, beginning invocation! {"metadata":{"emulator":{"name":"functions"},"function":{"name":"us-central1-api"},"message":"[runtime-status] [5772] Trigger \"us-central1-api\" has been found, beginning invocation!"}}
[info] i  functions: Beginning execution of "us-central1-api" {"metadata":{"emulator":{"name":"functions"},"function":{"name":"us-central1-api"},"message":"Beginning execution of \"us-central1-api\""}}
[debug] [2021-10-28T02:11:10.801Z] [runtime-status] [5772] triggerDefinition {"httpsTrigger":{},"name":"api","entryPoint":"api","regions":["us-central1"],"region":"us-central1","id":"us-central1-api"} {"metadata":{"emulator":{"name":"functions"},"function":{"name":"us-central1-api"},"message":"[runtime-status] [5772] triggerDefinition {\"httpsTrigger\":{},\"name\":\"api\",\"entryPoint\":\"api\",\"regions\":[\"us-central1\"],\"region\":\"us-central1\",\"id\":\"us-central1-api\"}"}}
[debug] [2021-10-28T02:11:10.802Z] [runtime-status] [5772] Running us-central1-api in signature http {"metadata":{"emulator":{"name":"functions"},"function":{"name":"us-central1-api"},"message":"[runtime-status] [5772] Running us-central1-api in signature http"}}
[debug] [2021-10-28T02:11:10.810Z] [work-queue] {"queueLength":1,"workRunningCount":1}
[debug] [2021-10-28T02:11:10.810Z] [work-queue] {"queueLength":0,"workRunningCount":2}
[debug] [2021-10-28T02:11:10.811Z] Accepted request GET /sneakers-commerce/us-central1/api --> us-central1-api
[debug] [2021-10-28T02:11:10.825Z] [worker-pool] addWorker(us-central1-api) {"metadata":{"emulator":{"name":"functions"},"message":"[worker-pool] addWorker(us-central1-api)"}}
[debug] [2021-10-28T02:11:10.826Z] [worker-pool] Adding worker with key us-central1-api, total=2 {"metadata":{"emulator":{"name":"functions"},"message":"[worker-pool] Adding worker with key us-central1-api, total=2"}}
[debug] [2021-10-28T02:11:10.826Z] [worker-pool] submitWork(triggerId=us-central1-api) {"metadata":{"emulator":{"name":"functions"},"message":"[worker-pool] submitWork(triggerId=us-central1-api)"}}
[debug] [2021-10-28T02:11:10.827Z] [worker-us-central1-api-3af55da3-61f1-4993-9cdd-c8f4da1eb149]: Assigning socketPath: \\?\pipe\C:\Users\Lucas\Desktop\proyects\Sneakeers-Commerce\functions\2588 {"metadata":{"emulator":{"name":"functions"},"message":"[worker-us-central1-api-3af55da3-61f1-4993-9cdd-c8f4da1eb149]: Assigning socketPath: \\\\?\\pipe\\C:\\Users\\Lucas\\Desktop\\proyects\\Sneakeers-Commerce\\functions\\2588"}}
[debug] [2021-10-28T02:11:10.827Z] [worker-us-central1-api-3af55da3-61f1-4993-9cdd-c8f4da1eb149]: BUSY {"metadata":{"emulator":{"name":"functions"},"message":"[worker-us-central1-api-3af55da3-61f1-4993-9cdd-c8f4da1eb149]: BUSY"}}
[info] >  C:\Users\Lucas\AppData\Roaming\npm\node_modules\firebase-tools\lib\emulator\functionsEmulatorRuntime.js:604 {"user":"C:\\Users\\Lucas\\AppData\\Roaming\\npm\\node_modules\\firebase-tools\\lib\\emulator\\functionsEmulatorRuntime.js:604\r","metadata":{"emulator":{"name":"functions"},"function":{"name":"us-central1-api"},"message":"\u001b[90m> \u001b[39m C:\\Users\\Lucas\\AppData\\Roaming\\npm\\node_modules\\firebase-tools\\lib\\emulator\\functionsEmulatorRuntime.js:604\r"}}
[info] >              throw new Error("Function timed out."); {"user":"            throw new Error(\"Function timed out.\");\r","metadata":{"emulator":{"name":"functions"},"function":{"name":"us-central1-api"},"message":"\u001b[90m> \u001b[39m             throw new Error(\"Function timed out.\");\r"}}
[info] >              ^ {"user":"            ^\r","metadata":{"emulator":{"name":"functions"},"function":{"name":"us-central1-api"},"message":"\u001b[90m> \u001b[39m             ^\r"}}
[info] >   {"user":"\r","metadata":{"emulator":{"name":"functions"},"function":{"name":"us-central1-api"},"message":"\u001b[90m> \u001b[39m \r"}}
[info] >  Error: Function timed out. {"user":"Error: Function timed out.\r","metadata":{"emulator":{"name":"functions"},"function":{"name":"us-central1-api"},"message":"\u001b[90m> \u001b[39m Error: Function timed out.\r"}}
[info] >      at Timeout._onTimeout (C:\Users\Lucas\AppData\Roaming\npm\node_modules\firebase-tools\lib\emulator\functionsEmulatorRuntime.js:604:19) {"user":"    at Timeout._onTimeout (C:\\Users\\Lucas\\AppData\\Roaming\\npm\\node_modules\\firebase-tools\\lib\\emulator\\functionsEmulatorRuntime.js:604:19)\r","metadata":{"emulator":{"name":"functions"},"function":{"name":"us-central1-api"},"message":"\u001b[90m> \u001b[39m     at Timeout._onTimeout (C:\\Users\\Lucas\\AppData\\Roaming\\npm\\node_modules\\firebase-tools\\lib\\emulator\\functionsEmulatorRuntime.js:604:19)\r"}}
[info] >      at listOnTimeout (node:internal/timers:557:17) {"user":"    at listOnTimeout (node:internal/timers:557:17)\r","metadata":{"emulator":{"name":"functions"},"function":{"name":"us-central1-api"},"message":"\u001b[90m> \u001b[39m     at listOnTimeout (node:internal/timers:557:17)\r"}}
[info] >      at processTimers (node:internal/timers:500:7) {"user":"    at processTimers (node:internal/timers:500:7)\r","metadata":{"emulator":{"name":"functions"},"function":{"name":"us-central1-api"},"message":"\u001b[90m> \u001b[39m     at processTimers (node:internal/timers:500:7)\r"}}
[debug] [2021-10-28T02:11:10.865Z] [worker-us-central1-api-9d86a3a5-f75e-445a-9f70-3b3b16ff790b]: exited {"metadata":{"emulator":{"name":"functions"},"message":"[worker-us-central1-api-9d86a3a5-f75e-445a-9f70-3b3b16ff790b]: exited"}}
[debug] [2021-10-28T02:11:10.865Z] [worker-us-central1-api-9d86a3a5-f75e-445a-9f70-3b3b16ff790b]: FINISHED {"metadata":{"emulator":{"name":"functions"},"message":"[worker-us-central1-api-9d86a3a5-f75e-445a-9f70-3b3b16ff790b]: FINISHED"}}
[debug] [2021-10-28T02:11:11.341Z] [runtime-status] [2588] Functions runtime initialized. {"cwd":"C:\\Users\\Lucas\\Desktop\\proyects\\Sneakeers-Commerce\\functions","node_version":"16.6.2"} {"metadata":{"emulator":{"name":"functions"},"function":{"name":"us-central1-api"},"message":"[runtime-status] [2588] Functions runtime initialized. {\"cwd\":\"C:\\\\Users\\\\Lucas\\\\Desktop\\\\proyects\\\\Sneakeers-Commerce\\\\functions\",\"node_version\":\"16.6.2\"}"}}
[debug] [2021-10-28T02:11:11.344Z] [runtime-status] [2588] Disabled runtime features: undefined {"metadata":{"emulator":{"name":"functions"},"function":{"name":"us-central1-api"},"message":"[runtime-status] [2588] Disabled runtime features: undefined"}}
[debug] [2021-10-28T02:11:11.351Z] [runtime-status] [2588] Resolved module firebase-admin {"declared":true,"installed":true,"version":"9.12.0","resolution":"C:\\Users\\Lucas\\Desktop\\proyects\\Sneakeers-Commerce\\functions\\node_modules\\firebase-admin\\lib\\index.js"} {"metadata":{"emulator":{"name":"functions"},"function":{"name":"us-central1-api"},"message":"[runtime-status] [2588] Resolved module firebase-admin {\"declared\":true,\"installed\":true,\"version\":\"9.12.0\",\"resolution\":\"C:\\\\Users\\\\Lucas\\\\Desktop\\\\proyects\\\\Sneakeers-Commerce\\\\functions\\\\node_modules\\\\firebase-admin\\\\lib\\\\index.js\"}"}}
[debug] [2021-10-28T02:11:11.360Z] [runtime-status] [2588] Resolved module firebase-functions {"declared":true,"installed":true,"version":"3.15.7","resolution":"C:\\Users\\Lucas\\Desktop\\proyects\\Sneakeers-Commerce\\functions\\node_modules\\firebase-functions\\lib\\index.js"} {"metadata":{"emulator":{"name":"functions"},"function":{"name":"us-central1-api"},"message":"[runtime-status] [2588] Resolved module firebase-functions {\"declared\":true,\"installed\":true,\"version\":\"3.15.7\",\"resolution\":\"C:\\\\Users\\\\Lucas\\\\Desktop\\\\proyects\\\\Sneakeers-Commerce\\\\functions\\\\node_modules\\\\firebase-functions\\\\lib\\\\index.js\"}"}}
[debug] [2021-10-28T02:11:11.363Z] [runtime-status] [2588] Outgoing network have been stubbed. [{"name":"http","status":"mocked"},{"name":"http","status":"mocked"},{"name":"https","status":"mocked"},{"name":"https","status":"mocked"},{"name":"net","status":"mocked"}] {"metadata":{"emulator":{"name":"functions"},"function":{"name":"us-central1-api"},"message":"[runtime-status] [2588] Outgoing network have been stubbed. [{\"name\":\"http\",\"status\":\"mocked\"},{\"name\":\"http\",\"status\":\"mocked\"},{\"name\":\"https\",\"status\":\"mocked\"},{\"name\":\"https\",\"status\":\"mocked\"},{\"name\":\"net\",\"status\":\"mocked\"}]"}}
[debug] [2021-10-28T02:11:11.366Z] [runtime-status] [2588] Resolved module firebase-functions {"declared":true,"installed":true,"version":"3.15.7","resolution":"C:\\Users\\Lucas\\Desktop\\proyects\\Sneakeers-Commerce\\functions\\node_modules\\firebase-functions\\lib\\index.js"} {"metadata":{"emulator":{"name":"functions"},"function":{"name":"us-central1-api"},"message":"[runtime-status] [2588] Resolved module firebase-functions {\"declared\":true,\"installed\":true,\"version\":\"3.15.7\",\"resolution\":\"C:\\\\Users\\\\Lucas\\\\Desktop\\\\proyects\\\\Sneakeers-Commerce\\\\functions\\\\node_modules\\\\firebase-functions\\\\lib\\\\index.js\"}"}}
[debug] [2021-10-28T02:11:11.504Z] [runtime-status] [2588] Checked functions.config() {"config":{}} {"metadata":{"emulator":{"name":"functions"},"function":{"name":"us-central1-api"},"message":"[runtime-status] [2588] Checked functions.config() {\"config\":{}}"}}
[debug] [2021-10-28T02:11:11.505Z] [runtime-status] [2588] firebase-functions has been stubbed. {"functionsResolution":{"declared":true,"installed":true,"version":"3.15.7","resolution":"C:\\Users\\Lucas\\Desktop\\proyects\\Sneakeers-Commerce\\functions\\node_modules\\firebase-functions\\lib\\index.js"}} {"metadata":{"emulator":{"name":"functions"},"function":{"name":"us-central1-api"},"message":"[runtime-status] [2588] firebase-functions has been stubbed. {\"functionsResolution\":{\"declared\":true,\"installed\":true,\"version\":\"3.15.7\",\"resolution\":\"C:\\\\Users\\\\Lucas\\\\Desktop\\\\proyects\\\\Sneakeers-Commerce\\\\functions\\\\node_modules\\\\firebase-functions\\\\lib\\\\index.js\"}}"}}
[debug] [2021-10-28T02:11:11.507Z] [runtime-status] [2588] Resolved module firebase-functions {"declared":true,"installed":true,"version":"3.15.7","resolution":"C:\\Users\\Lucas\\Desktop\\proyects\\Sneakeers-Commerce\\functions\\node_modules\\firebase-functions\\lib\\index.js"} {"metadata":{"emulator":{"name":"functions"},"function":{"name":"us-central1-api"},"message":"[runtime-status] [2588] Resolved module firebase-functions {\"declared\":true,\"installed\":true,\"version\":\"3.15.7\",\"resolution\":\"C:\\\\Users\\\\Lucas\\\\Desktop\\\\proyects\\\\Sneakeers-Commerce\\\\functions\\\\node_modules\\\\firebase-functions\\\\lib\\\\index.js\"}"}}
[debug] [2021-10-28T02:11:11.510Z] [runtime-status] [2588] Resolved module firebase-admin {"declared":true,"installed":true,"version":"9.12.0","resolution":"C:\\Users\\Lucas\\Desktop\\proyects\\Sneakeers-Commerce\\functions\\node_modules\\firebase-admin\\lib\\index.js"} {"metadata":{"emulator":{"name":"functions"},"function":{"name":"us-central1-api"},"message":"[runtime-status] [2588] Resolved module firebase-admin {\"declared\":true,\"installed\":true,\"version\":\"9.12.0\",\"resolution\":\"C:\\\\Users\\\\Lucas\\\\Desktop\\\\proyects\\\\Sneakeers-Commerce\\\\functions\\\\node_modules\\\\firebase-admin\\\\lib\\\\index.js\"}"}}
[debug] [2021-10-28T02:11:11.512Z] [runtime-status] [2588] Resolved module firebase-functions {"declared":true,"installed":true,"version":"3.15.7","resolution":"C:\\Users\\Lucas\\Desktop\\proyects\\Sneakeers-Commerce\\functions\\node_modules\\firebase-functions\\lib\\index.js"} {"metadata":{"emulator":{"name":"functions"},"function":{"name":"us-central1-api"},"message":"[runtime-status] [2588] Resolved module firebase-functions {\"declared\":true,\"installed\":true,\"version\":\"3.15.7\",\"resolution\":\"C:\\\\Users\\\\Lucas\\\\Desktop\\\\proyects\\\\Sneakeers-Commerce\\\\functions\\\\node_modules\\\\firebase-functions\\\\lib\\\\index.js\"}"}}
[debug] [2021-10-28T02:11:11.513Z] [runtime-status] [2588] firebase-admin has been stubbed. {"adminResolution":{"declared":true,"installed":true,"version":"9.12.0","resolution":"C:\\Users\\Lucas\\Desktop\\proyects\\Sneakeers-Commerce\\functions\\node_modules\\firebase-admin\\lib\\index.js"}} {"metadata":{"emulator":{"name":"functions"},"function":{"name":"us-central1-api"},"message":"[runtime-status] [2588] firebase-admin has been stubbed. {\"adminResolution\":{\"declared\":true,\"installed\":true,\"version\":\"9.12.0\",\"resolution\":\"C:\\\\Users\\\\Lucas\\\\Desktop\\\\proyects\\\\Sneakeers-Commerce\\\\functions\\\\node_modules\\\\firebase-admin\\\\lib\\\\index.js\"}}"}}
[debug] [2021-10-28T02:11:12.026Z] [runtime-status] [2588] Trigger "us-central1-api" has been found, beginning invocation! {"metadata":{"emulator":{"name":"functions"},"function":{"name":"us-central1-api"},"message":"[runtime-status] [2588] Trigger \"us-central1-api\" has been found, beginning invocation!"}}
[info] i  functions: Beginning execution of "us-central1-api" {"metadata":{"emulator":{"name":"functions"},"function":{"name":"us-central1-api"},"message":"Beginning execution of \"us-central1-api\""}}
[debug] [2021-10-28T02:11:12.029Z] [runtime-status] [2588] triggerDefinition {"httpsTrigger":{},"name":"api","entryPoint":"api","regions":["us-central1"],"region":"us-central1","id":"us-central1-api"} {"metadata":{"emulator":{"name":"functions"},"function":{"name":"us-central1-api"},"message":"[runtime-status] [2588] triggerDefinition {\"httpsTrigger\":{},\"name\":\"api\",\"entryPoint\":\"api\",\"regions\":[\"us-central1\"],\"region\":\"us-central1\",\"id\":\"us-central1-api\"}"}}
[debug] [2021-10-28T02:11:12.030Z] [runtime-status] [2588] Running us-central1-api in signature http {"metadata":{"emulator":{"name":"functions"},"function":{"name":"us-central1-api"},"message":"[runtime-status] [2588] Running us-central1-api in signature http"}}
[debug] [2021-10-28T02:11:12.040Z] [runtime-status] [2588] Attempting to listen to socketPath: \\?\pipe\C:\Users\Lucas\Desktop\proyects\Sneakeers-Commerce\functions\2588 {"metadata":{"emulator":{"name":"functions"},"function":{"name":"us-central1-api"},"message":"[runtime-status] [2588] Attempting to listen to socketPath: \\\\?\\pipe\\C:\\Users\\Lucas\\Desktop\\proyects\\Sneakeers-Commerce\\functions\\2588"}}
[debug] [2021-10-28T02:11:12.048Z] [functions] Runtime ready! Sending request! {"metadata":{"emulator":{"name":"functions"},"message":"[functions] Runtime ready! Sending request!"}}
[debug] [2021-10-28T02:11:12.050Z] [functions] Got req.url=/sneakers-commerce/us-central1/api, mapping to path=/ {"metadata":{"emulator":{"name":"functions"},"message":"[functions] Got req.url=/sneakers-commerce/us-central1/api, mapping to path=/"}}
[debug] [2021-10-28T02:11:12.067Z] [runtime-status] [2588] Ephemeral server handling GET request {"metadata":{"emulator":{"name":"functions"},"function":{"name":"us-central1-api"},"message":"[runtime-status] [2588] Ephemeral server handling GET request"}}
[debug] [2021-10-28T02:11:12.082Z] [runtime-status] [2588] Ephemeral server survived. {"metadata":{"emulator":{"name":"functions"},"function":{"name":"us-central1-api"},"message":"[runtime-status] [2588] Ephemeral server survived."}}
[info] i  functions: Finished "us-central1-api" in ~1s {"metadata":{"emulator":{"name":"functions"},"function":{"name":"us-central1-api"},"message":"Finished \"us-central1-api\" in ~1s"}}
[debug] [2021-10-28T02:11:12.099Z] [worker-us-central1-api-3af55da3-61f1-4993-9cdd-c8f4da1eb149]: IDLE {"metadata":{"emulator":{"name":"functions"},"message":"[worker-us-central1-api-3af55da3-61f1-4993-9cdd-c8f4da1eb149]: IDLE"}}
[debug] [2021-10-28T02:11:12.100Z] [work-queue] {"queueLength":0,"workRunningCount":1}
[debug] [2021-10-28T02:11:12.477Z] Functions emulator received unknown request at path /favicon.ico
[debug] [2021-10-28T02:11:19.158Z] File C:\Users\Lucas\Desktop\proyects\Sneakeers-Commerce\functions\index.js changed, reloading triggers {"metadata":{"emulator":{"name":"functions"},"message":"File C:\\Users\\Lucas\\Desktop\\proyects\\Sneakeers-Commerce\\functions\\index.js changed, reloading triggers"}}
